<?xml version="1.0" encoding="UTF-8"?>
<!-- Generated by org.testng.reporters.JUnitReportReporter -->
<testsuite hostname="Sarif-PC" failures="0" tests="1" name="com.codenbox.Appium.ScrollDemoTest" time="5.356" errors="0" timestamp="2022-12-28T15:19:56 EST" skipped="0">
  <testcase classname="com.codenbox.Appium.ScrollDemoTest" name="scrollTest" time="5.356"/>
  <system-out/>
</testsuite> <!-- com.codenbox.Appium.ScrollDemoTest -->
