<?xml version="1.0" encoding="UTF-8"?>
<!-- Generated by org.testng.reporters.JUnitReportReporter -->
<testsuite hostname="Sarif-PC" failures="0" tests="1" name="com.codenbox.Appium.PreSetup" time="59.565" errors="0" timestamp="2022-12-13T23:07:03 EST" skipped="0">
  <testcase classname="com.codenbox.Appium.PreSetup" name="configureAppium" time="59.565"/>
  <system-out/>
</testsuite> <!-- com.codenbox.Appium.PreSetup -->
