<?xml version="1.0" encoding="UTF-8"?>
<!-- Generated by org.testng.reporters.JUnitReportReporter -->
<testsuite hostname="Sarif-PC" failures="0" tests="1" name="com.codenbox.Appium.SetWifi" time="20.639" errors="0" timestamp="2022-12-21T21:29:02 EST" skipped="0">
  <testcase classname="com.codenbox.Appium.SetWifi" name="setwifiTest" time="20.639"/>
  <system-out/>
</testsuite> <!-- com.codenbox.Appium.SetWifi -->
