<?xml version="1.0" encoding="UTF-8"?>
<!-- Generated by org.testng.reporters.JUnitReportReporter -->
<testsuite hostname="Sarif-PC" failures="0" tests="1" name="com.codenbox.Appium.Swipe" time="19.801" errors="0" timestamp="2022-12-29T17:24:37 EST" skipped="0">
  <testcase classname="com.codenbox.Appium.Swipe" name="swipeDemoTest" time="19.801"/>
  <system-out/>
</testsuite> <!-- com.codenbox.Appium.Swipe -->
