<?xml version="1.0" encoding="UTF-8"?>
<!-- Generated by org.testng.reporters.JUnitReportReporter -->
<testsuite hostname="Sarif-PC" failures="0" tests="1" name="com.codenbox.Appium.Base" time="65.738" errors="0" timestamp="2022-12-15T19:43:53 EST" skipped="0">
  <testcase classname="com.codenbox.Appium.Base" name="configureAppium" time="65.738"/>
  <system-out/>
</testsuite> <!-- com.codenbox.Appium.Base -->
