<?xml version="1.0" encoding="UTF-8"?>
<!-- Generated by org.testng.reporters.JUnitReportReporter -->
<testsuite hostname="Sarif-PC" failures="0" tests="1" name="com.codenbox.Appium.ViewText" time="12.418" errors="0" timestamp="2022-12-22T20:49:12 EST" skipped="0">
  <testcase classname="com.codenbox.Appium.ViewText" name="textTest" time="12.418"/>
  <system-out/>
</testsuite> <!-- com.codenbox.Appium.ViewText -->
