<?xml version="1.0" encoding="UTF-8"?>
<!-- Generated by org.testng.reporters.JUnitReportReporter -->
<testsuite hostname="Sarif-PC" failures="0" tests="1" name="com.codenbox.Appium.Longpress" time="22.724" errors="0" timestamp="2022-12-23T01:05:39 EST" skipped="0">
  <testcase classname="com.codenbox.Appium.Longpress" name="longpressTest" time="22.724"/>
  <system-out/>
</testsuite> <!-- com.codenbox.Appium.Longpress -->
